{"name": "test_empty_courses_list", "status": "failed", "statusDetails": {"message": "AssertionError: Locator expected to have text 'Welcome, Username!!'\nActual value: Welcome, Username! \nCall log:\n  - LocatorAssertions.to_have_text with timeout 5000ms\n  - waiting for get_by_test_id(\"navigation-navbar-welcome-title-text\").first\n    9 × locator resolved to <p data-testid=\"navigation-navbar-welcome-title-text\" class=\"MuiTypography-root MuiTypography-body1 css-gjwoc1\">Welcome, Username!</p>\n      - unexpected value \"Welcome, Username!\"", "trace": "self = <tests.courses.test_courses.TestCourses object at 0x78315d72f790>, courses_list_page = <pages.courses.courses_list_page.CoursesListPage object at 0x78315c9da800>\n\n    def test_empty_courses_list(self, courses_list_page: CoursesListPage):\n        courses_list_page.visit(\"https://nikita-filonov.github.io/qa-automation-engineer-ui-course/#/courses\")\n    \n>       courses_list_page.navbar.check_visible(\"Username!\")\n\ntests/courses/test_courses.py:14: \n_ _ _ _ _ _ _ _ _ _ _ _ _ _ _ _ _ _ _ _ _ _ _ _ _ _ _ _ _ _ _ _ _ _ _ _ _ _ _ _ _ _ _ _ _ _ _ _ _ _ _ _ _ _ _ _ _ _ _ _ _ _ _ _ _ _ _ _ _ _ _ _ _ _ _ _ _ _ _ _ _ _ _ _ _ _ \ncomponents/navigation/navbar_component.py:18: in check_visible\n    self.welcome_title.check_have_text(f'Welcome, {username}!')\n_ _ _ _ _ _ _ _ _ _ _ _ _ _ _ _ _ _ _ _ _ _ _ _ _ _ _ _ _ _ _ _ _ _ _ _ _ _ _ _ _ _ _ _ _ _ _ _ _ _ _ _ _ _ _ _ _ _ _ _ _ _ _ _ _ _ _ _ _ _ _ _ _ _ _ _ _ _ _ _ _ _ _ _ _ _ \n\nself = <elements.text.Text object at 0x78315c9d9a20>, text = 'Welcome, Username!!', nth = 0, kwargs = {}\nlocator = <Locator frame=<Frame name= url='https://nikita-filonov.github.io/qa-automation-engineer-ui-course/#/courses'> selector='internal:testid=[data-testid=\"navigation-navbar-welcome-title-text\"s] >> nth=0'>\n\n    def check_have_text(self, text: str, nth: int = 0, **kwargs):\n        locator = self.get_locator(nth, **kwargs)\n>       expect(locator).to_have_text(text)\nE       AssertionError: Locator expected to have text 'Welcome, Username!!'\nE       Actual value: Welcome, Username! \nE       Call log:\nE         - LocatorAssertions.to_have_text with timeout 5000ms\nE         - waiting for get_by_test_id(\"navigation-navbar-welcome-title-text\").first\nE           9 × locator resolved to <p data-testid=\"navigation-navbar-welcome-title-text\" class=\"MuiTypography-root MuiTypography-body1 css-gjwoc1\">Welcome, Username!</p>\nE             - unexpected value \"Welcome, Username!\"\n\nelements/base_element.py:23: AssertionError"}, "start": 1755514551279, "stop": 1755514558007, "uuid": "48bf74d7-4bb6-48cc-9a2b-10793dc1198e", "historyId": "90d39b65ed1a93c858227630693d202b", "testCaseId": "90d39b65ed1a93c858227630693d202b", "fullName": "tests.courses.test_courses.TestCourses#test_empty_courses_list", "labels": [{"name": "tag", "value": "regression"}, {"name": "tag", "value": "courses"}, {"name": "parentSuite", "value": "tests.courses"}, {"name": "suite", "value": "test_courses"}, {"name": "subSuite", "value": "TestCourses"}, {"name": "host", "value": "zuzex-99"}, {"name": "thread", "value": "41520-MainThread"}, {"name": "framework", "value": "pytest"}, {"name": "language", "value": "cpython3"}, {"name": "package", "value": "tests.courses.test_courses"}], "titlePath": ["tests", "courses", "test_courses.py", "TestCourses"]}